1487577158332	geckodriver	INFO	Listening on 127.0.0.1:54073
1487577160416	mozprofile::profile	INFO	Using profile path C:\Users\zhenhua\AppData\Local\Temp\rust_mozprofile.j63GMwBJyrA2
1487577160425	geckodriver::marionette	INFO	Starting browser C:\Program Files (x86)\Mozilla Firefox\firefox.exe
1487577160437	geckodriver::marionette	INFO	Connecting to Marionette on localhost:54095
1487577162405	Marionette	INFO	Listening on port 54095
[Child 33896] WARNING: pipe error: 109: file c:/builds/moz2_slave/m-rel-w32-00000000000000000000/build/src/ipc/chromium/src/chrome/common/ipc_channel_win.cc, line 346
[Child 33896] WARNING: pipe error: 109: file c:/builds/moz2_slave/m-rel-w32-00000000000000000000/build/src/ipc/chromium/src/chrome/common/ipc_channel_win.cc, line 346
[NPAPI 36172] WARNING: pipe error: 109: file c:/builds/moz2_slave/m-rel-w32-00000000000000000000/build/src/ipc/chromium/src/chrome/common/ipc_channel_win.cc, line 346
1487577265166	geckodriver	INFO	Listening on 127.0.0.1:54753
1487577267220	mozprofile::profile	INFO	Using profile path C:\Users\zhenhua\AppData\Local\Temp\rust_mozprofile.Ie8LnJ0lh2On
1487577267227	geckodriver::marionette	INFO	Starting browser C:\Program Files (x86)\Mozilla Firefox\firefox.exe
1487577267234	geckodriver::marionette	INFO	Connecting to Marionette on localhost:54768
1487577269039	Marionette	INFO	Listening on port 54768
1487577330833	addons.productaddons	WARN	Failed downloading XML, status: 0, reason: error
[Child 36160] WARNING: pipe error: 109: file c:/builds/moz2_slave/m-rel-w32-00000000000000000000/build/src/ipc/chromium/src/chrome/common/ipc_channel_win.cc, line 346

###!!! [Child][MessageChannel] Error: (msgtype=0x4A00C3,name=PContent::Msg_ConsoleMessage) Channel closing: too late to send/recv, messages will be lost

[NPAPI 36124] WARNING: pipe error: 109: file c:/builds/moz2_slave/m-rel-w32-00000000000000000000/build/src/ipc1487577416742	addons.productaddons	WARN	Failed downloading XML, status: 0, reason: error
[Child 36632] WARNING: pipe error: 109: file c:/builds/moz2_slave/m-rel-w32-00000000000000000000/build/src/ipc/chromium/src/chrome/common/ipc_channel_win.cc, line 346

###!!! [Child][MessageChannel] Error: (msgtype=0x4A00C3,name=PContent::Msg_ConsoleMessage) Channel closing: too late to send/recv, messages will be lost

[NPAPI 34008] WARNING: pipe error: 109: file c:/builds/moz2_slave/m-rel-w32-00000000000000000000/build/src/ipc/chromium/src/chrome/common/ipc_channel_win.cc, line 346
