[INFO  - 2017-03-03T01:52:32.076Z] GhostDriver - Main - running on port 56165
[INFO  - 2017-03-03T01:52:34.963Z] Session [126ae3d0-ffb4-11e6-bb17-0598ecda000c] - page.settings - {"XSSAuditingEnabled":false,"javascriptCanCloseWindows":true,"javascriptCanOpenWindows":true,"javascriptEnabled":true,"loadImages":true,"localToRemoteUrlAccessEnabled":false,"userAgent":"Mozilla/5.0 (Windows NT 6.2; WOW64) AppleWebKit/538.1 (KHTML, like Gecko) PhantomJS/2.1.1 Safari/538.1","webSecurityEnabled":true}
[INFO  - 2017-03-03T01:52:34.963Z] Session [126ae3d0-ffb4-11e6-bb17-0598ecda000c] - page.customHeaders:  - {}
[INFO  - 2017-03-03T01:52:34.964Z] Session [126ae3d0-ffb4-11e6-bb17-0598ecda000c] - Session.negotiatedCapabilities - {"browserName":"phantomjs","version":"2.1.1","driverName":"ghostdriver","driverVersion":"1.2.0","platform":"windows-10-32bit","javascriptEnabled":true,"takesScreenshot":true,"handlesAlerts":false,"databaseEnabled":false,"locationContextEnabled":false,"applicationCacheEnabled":false,"browserConnectionEnabled":false,"cssSelectorsEnabled":true,"webStorageEnabled":false,"rotatable":false,"acceptSslCerts":false,"nativeEvents":true,"proxy":{"proxyType":"direct"}}
[INFO  - 2017-03-03T01:52:34.964Z] SessionManagerReqHand - _postNewSessionCommand - New Session Created: 126ae3d0-ffb4-11e6-bb17-0598ecda000c
[ERROR - 2017-03-03T01:52:42.079Z] Session [126ae3d0-ffb4-11e6-bb17-0598ecda000c] - page.onError - msg: sea/dos-provider/0.0.6/index is not loaded! can not find module in path : https://g.alicdn.com/sea/??dos-provider/0.0.6/index.js

  phantomjs://platform/console++.js:263 in error
[ERROR - 2017-03-03T01:52:42.079Z] Session [126ae3d0-ffb4-11e6-bb17-0598ecda000c] - page.onError - stack:
  (anonymous function) (https://g.alicdn.com/??kissy/k/6.2.4/seed-min.js,tbc/global/0.0.8/index-min.js,tms/tb-init/6.1.0/index-min.js,sea/sitenav-global/0.6.9/global-min.js:5)

  phantomjs://platform/console++.js:263 in error
[ERROR - 2017-03-03T01:52:46.057Z] Session [126ae3d0-ffb4-11e6-bb17-0598ecda000c] - page.onError - msg: TypeError: undefined is not a constructor (evaluating 'b.set("screenWidth","w1200")')

  phantomjs://platform/console++.js:263 in error
[ERROR - 2017-03-03T01:52:46.058Z] Session [126ae3d0-ffb4-11e6-bb17-0598ecda000c] - page.onError - stack:
  c (https://g.alicdn.com//sea/sitenav-global/0.6.9/global-min.js:1)
  simpleNotify (https://g.alicdn.com/kissy/k/1.4.16/??base-min.js,attribute-min.js,event/custom-min.js,event/base-min.js,event-min.js,event/dom/base-min.js,dom/base-min.js,event/dom/focusin-min.js,node-min.js,anim-min.js,anim/base-min.js,promise-min.js,anim/timer-min.js,anim/transition-min.js:49)
  notifyInternal (https://g.alicdn.com/kissy/k/1.4.16/??base-min.js,attribute-min.js,event/custom-min.js,event/base-min.js,event-min.js,event/dom/base-min.js,dom/base-min.js,event/dom/focusin-min.js,node-min.js,anim-min.js,anim/base-min.js,promise-min.js,anim/timer-min.js,anim/transition-min.js:66)
  notify (https://g.alicdn.com/kissy/k/1.4.16/??base-min.js,attribute-min.js,event/custom-min.js,event/base-min.js,event-min.js,event/dom/base-min.js,dom/base-min.js,event/dom/focusin-min.js,node-min.js,anim-min.js,anim/base-min.js,promise-min.js,anim/timer-min.js,anim/transition-min.js:50)
  notify (https://g.alicdn.com/kissy/k/1.4.16/??base-min.js,attribute-min.js,event/custom-min.js,event/base-min.js,event-min.js,event/dom/base-min.js,dom/base-min.js,event/dom/focusin-min.js,node-min.js,anim-min.js,anim/base-min.js,promise-min.js,anim/timer-min.js,anim/transition-min.js:75)
  handle (https://g.alicdn.com/kissy/k/1.4.16/??base-min.js,attribute-min.js,event/custom-min.js,event/base-min.js,event-min.js,event/dom/base-min.js,dom/base-min.js,event/dom/focusin-min.js,node-min.js,anim-min.js,anim/base-min.js,promise-min.js,anim/timer-min.js,anim/transition-min.js:80)
  _postWindowMaximizeCommand (phantomjs://code/session_request_handler.js:330)
  _doWindowHandleCommands (phantomjs://code/session_request_handler.js:256)
  _handle (phantomjs://code/session_request_handler.js:105)
  _reroute (phantomjs://code/request_handler.js:61)
  _handle (phantomjs://code/router_request_handler.js:78)

  phantomjs://platform/console++.js:263 in error
[INFO  - 2017-03-03T01:57:32.076Z] SessionManagerReqHand - _cleanupWindowlessSessions - Asynchronous Sessions clean-up phase starting NOW
